Using pre-set license
Built from '2021.3/staging' branch; Version is '2021.3.9f1 (ad3870b89536) revision 11352176'; Using compiler version '192829333'; Build Type 'Release'
OS: 'Windows 11  (10.0.22000) 64bit Core' Language: 'en' Physical Memory: 32472 MB
BatchMode: 1, IsHumanControllingUs: 0, StartBugReporterOnCrash: 0, Is64bit: 1, IsPro: 1

COMMAND LINE ARGUMENTS:
C:\Program Files\Unity\Hub\Editor\2021.3.9f1\Editor\Unity.exe
-adb2
-batchMode
-noUpm
-name
AssetImportWorker4
-projectPath
C:/Users/alexl/OneDrive/Documents/GitHub/Comp Animation Challenge 3
-logFile
Logs/AssetImportWorker4.log
-srvPort
49689
Successfully changed project path to: C:/Users/alexl/OneDrive/Documents/GitHub/Comp Animation Challenge 3
C:/Users/alexl/OneDrive/Documents/GitHub/Comp Animation Challenge 3
[UnityMemory] Configuration Parameters - Can be set up in boot.config
    "memorysetup-bucket-allocator-granularity=16"
    "memorysetup-bucket-allocator-bucket-count=8"
    "memorysetup-bucket-allocator-block-size=33554432"
    "memorysetup-bucket-allocator-block-count=8"
    "memorysetup-main-allocator-block-size=16777216"
    "memorysetup-thread-allocator-block-size=16777216"
    "memorysetup-gfx-main-allocator-block-size=16777216"
    "memorysetup-gfx-thread-allocator-block-size=16777216"
    "memorysetup-cache-allocator-block-size=4194304"
    "memorysetup-typetree-allocator-block-size=2097152"
    "memorysetup-profiler-bucket-allocator-granularity=16"
    "memorysetup-profiler-bucket-allocator-bucket-count=8"
    "memorysetup-profiler-bucket-allocator-block-size=33554432"
    "memorysetup-profiler-bucket-allocator-block-count=8"
    "memorysetup-profiler-allocator-block-size=16777216"
    "memorysetup-profiler-editor-allocator-block-size=1048576"
    "memorysetup-temp-allocator-size-main=16777216"
    "memorysetup-job-temp-allocator-block-size=2097152"
    "memorysetup-job-temp-allocator-block-size-background=1048576"
    "memorysetup-job-temp-allocator-reduction-small-platforms=262144"
    "memorysetup-temp-allocator-size-background-worker=32768"
    "memorysetup-temp-allocator-size-job-worker=262144"
    "memorysetup-temp-allocator-size-preload-manager=33554432"
    "memorysetup-temp-allocator-size-nav-mesh-worker=65536"
    "memorysetup-temp-allocator-size-audio-worker=65536"
    "memorysetup-temp-allocator-size-cloud-worker=32768"
    "memorysetup-temp-allocator-size-gi-baking-worker=262144"
    "memorysetup-temp-allocator-size-gfx=262144"
Refreshing native plugins compatible for Editor in 53.23 ms, found 3 plugins.
Preloading 0 native plugins for Editor in 0.00 ms.
Initialize engine version: 2021.3.9f1 (ad3870b89536)
[Subsystems] Discovering subsystems at path C:/Program Files/Unity/Hub/Editor/2021.3.9f1/Editor/Data/Resources/UnitySubsystems
[Subsystems] Discovering subsystems at path C:/Users/alexl/OneDrive/Documents/GitHub/Comp Animation Challenge 3/Assets
GfxDevice: creating device client; threaded=0; jobified=0
Direct3D:
    Version:  Direct3D 11.0 [level 11.1]
    Renderer: NVIDIA GeForce RTX 3070 Ti Laptop GPU (ID=0x24a0)
    Vendor:   NVIDIA
    VRAM:     8043 MB
    Driver:   30.0.15.1165
Initialize mono
Mono path[0] = 'C:/Program Files/Unity/Hub/Editor/2021.3.9f1/Editor/Data/Managed'
Mono path[1] = 'C:/Program Files/Unity/Hub/Editor/2021.3.9f1/Editor/Data/MonoBleedingEdge/lib/mono/unityjit-win32'
Mono config path = 'C:/Program Files/Unity/Hub/Editor/2021.3.9f1/Editor/Data/MonoBleedingEdge/etc'
Using monoOptions --debugger-agent=transport=dt_socket,embedding=1,server=y,suspend=n,address=127.0.0.1:56328
Begin MonoManager ReloadAssembly
Registering precompiled unity dll's ...
Register platform support module: C:/Program Files/Unity/Hub/Editor/2021.3.9f1/Editor/Data/PlaybackEngines/WebGLSupport/UnityEditor.WebGL.Extensions.dll
Register platform support module: C:/Program Files/Unity/Hub/Editor/2021.3.9f1/Editor/Data/PlaybackEngines/WindowsStandaloneSupport/UnityEditor.WindowsStandalone.Extensions.dll
Registered in 0.003882 seconds.
Native extension for WindowsStandalone target not found
Native extension for WebGL target not found
Refreshing native plugins compatible for Editor in 54.29 ms, found 3 plugins.
Preloading 0 native plugins for Editor in 0.00 ms.
Mono: successfully reloaded assembly
- Completed reload, in  0.441 seconds
Domain Reload Profiling:
	ReloadAssembly (442ms)
		BeginReloadAssembly (49ms)
			ExecutionOrderSort (0ms)
			DisableScriptedObjects (0ms)
			BackupInstance (0ms)
			ReleaseScriptingObjects (0ms)
			CreateAndSetChildDomain (1ms)
		EndReloadAssembly (317ms)
			LoadAssemblies (48ms)
			RebuildTransferFunctionScriptingTraits (0ms)
			SetupTypeCache (69ms)
			ReleaseScriptCaches (0ms)
			RebuildScriptCaches (20ms)
			SetupLoadedEditorAssemblies (192ms)
				LogAssemblyErrors (0ms)
				InitializePlatformSupportModulesInManaged (6ms)
				SetLoadedEditorAssemblies (0ms)
				RefreshPlugins (54ms)
				BeforeProcessingInitializeOnLoad (1ms)
				ProcessInitializeOnLoadAttributes (99ms)
				ProcessInitializeOnLoadMethodAttributes (30ms)
				AfterProcessingInitializeOnLoad (0ms)
				EditorAssembliesLoaded (0ms)
			ExecutionOrderSort2 (0ms)
			AwakeInstancesAfterBackupRestoration (0ms)
Platform modules already initialized, skipping
Registering precompiled user dll's ...
Registered in 0.003511 seconds.
Begin MonoManager ReloadAssembly
Symbol file LoadedFromMemory doesn't match image C:\Users\alexl\OneDrive\Documents\GitHub\Comp Animation Challenge 3\Library\PackageCache\com.unity.visualscripting@1.7.8\Editor\VisualScripting.Core\Dependencies\YamlDotNet\Unity.VisualScripting.YamlDotNet.dll
Symbol file LoadedFromMemory doesn't match image C:\Users\alexl\OneDrive\Documents\GitHub\Comp Animation Challenge 3\Library\PackageCache\com.unity.visualscripting@1.7.8\Editor\VisualScripting.Core\Dependencies\DotNetZip\Unity.VisualScripting.IonicZip.dll
Native extension for WindowsStandalone target not found
Native extension for WebGL target not found
Refreshing native plugins compatible for Editor in 0.42 ms, found 3 plugins.
Preloading 0 native plugins for Editor in 0.00 ms.
Mono: successfully reloaded assembly
- Completed reload, in  0.716 seconds
Domain Reload Profiling:
	ReloadAssembly (717ms)
		BeginReloadAssembly (75ms)
			ExecutionOrderSort (0ms)
			DisableScriptedObjects (4ms)
			BackupInstance (0ms)
			ReleaseScriptingObjects (0ms)
			CreateAndSetChildDomain (15ms)
		EndReloadAssembly (563ms)
			LoadAssemblies (55ms)
			RebuildTransferFunctionScriptingTraits (0ms)
			SetupTypeCache (173ms)
			ReleaseScriptCaches (0ms)
			RebuildScriptCaches (38ms)
			SetupLoadedEditorAssemblies (266ms)
				LogAssemblyErrors (0ms)
				InitializePlatformSupportModulesInManaged (5ms)
				SetLoadedEditorAssemblies (0ms)
				RefreshPlugins (0ms)
				BeforeProcessingInitializeOnLoad (60ms)
				ProcessInitializeOnLoadAttributes (171ms)
				ProcessInitializeOnLoadMethodAttributes (23ms)
				AfterProcessingInitializeOnLoad (5ms)
				EditorAssembliesLoaded (0ms)
			ExecutionOrderSort2 (0ms)
			AwakeInstancesAfterBackupRestoration (4ms)
Platform modules already initialized, skipping
========================================================================
Worker process is ready to serve import requests
Launched and connected shader compiler UnityShaderCompiler.exe after 0.03 seconds
Refreshing native plugins compatible for Editor in 0.80 ms, found 3 plugins.
Preloading 0 native plugins for Editor in 0.00 ms.
Unloading 3386 Unused Serialized files (Serialized files now loaded: 0)
Unloading 27 unused Assets / (111.4 KB). Loaded Objects now: 3843.
Memory consumption went from 116.5 MB to 116.3 MB.
Total: 2.691600 ms (FindLiveObjects: 0.176000 ms CreateObjectMapping: 0.089200 ms MarkObjects: 2.342300 ms  DeleteObjects: 0.083600 ms)

AssetImportParameters requested are different than current active one (requested -> active):
  custom:video-decoder-ogg-theora: a1e56fd34408186e4bbccfd4996cb3dc -> 
  custom:container-muxer-webm: aa71ff27fc2769a1b78a27578f13a17b -> 
  custom:container-demuxer-webm: 4f35f7cbe854078d1ac9338744f61a02 -> 
  custom:video-encoder-webm-vp8: eb34c28f22e8b96e1ab97ce403110664 -> 
  custom:audio-encoder-webm-vorbis: bf7c407c2cedff20999df2af8eb42d56 -> 
  custom:framework-win-MediaFoundation: 216162199b28c13a410421893ffa2e32 -> 
  custom:container-demuxer-ogg: 62fdf1f143b41e24485cea50d1cbac27 -> 
  custom:video-decoder-webm-vp8: 9c59270c3fd7afecdb556c50c9e8de78 -> 
  custom:audio-decoder-ogg-vorbis: bf7c407c2cedff20999df2af8eb42d56 -> 
========================================================================
Received Import Request.
  Time since last request: 574776.768103 seconds.
  path: Assets/Animations/Fast Run.fbx
  artifactKey: Guid(e68bf4337dd37484687756d9ae98ad74) Importer(815301076,1909f56bfc062723c751e8b465ee728b)
Start importing Assets/Animations/Fast Run.fbx using Guid(e68bf4337dd37484687756d9ae98ad74) Importer(815301076,1909f56bfc062723c751e8b465ee728b)  -> (artifact id: '05f8145d7b982c80340fccc86e6306e4') in 0.168198 seconds 
========================================================================
Received Import Request.
  Time since last request: 15.163585 seconds.
  path: Assets/MarioAnimations.controller
  artifactKey: Guid(5ae1dac0f7da2e04898339ae49a184eb) Importer(815301076,1909f56bfc062723c751e8b465ee728b)
Start importing Assets/MarioAnimations.controller using Guid(5ae1dac0f7da2e04898339ae49a184eb) Importer(815301076,1909f56bfc062723c751e8b465ee728b)  -> (artifact id: '921da00b0cc5c45e28b220e41b212123') in 0.009043 seconds 
========================================================================
Received Import Request.
  Time since last request: 572.694105 seconds.
  path: Assets/Scenes
  artifactKey: Guid(6ea315d0fd7389c41b19996891e99ae3) Importer(815301076,1909f56bfc062723c751e8b465ee728b)
Start importing Assets/Scenes using Guid(6ea315d0fd7389c41b19996891e99ae3) Importer(815301076,1909f56bfc062723c751e8b465ee728b)  -> (artifact id: 'b8193726cff86800c54781cdc6d54904') in 0.015548 seconds 
========================================================================
Received Import Request.
  Time since last request: 1.155054 seconds.
  path: Assets/Scenes/CatBorg Studio
  artifactKey: Guid(9e0871e2f25f16c479516ec695dba897) Importer(815301076,1909f56bfc062723c751e8b465ee728b)
Start importing Assets/Scenes/CatBorg Studio using Guid(9e0871e2f25f16c479516ec695dba897) Importer(815301076,1909f56bfc062723c751e8b465ee728b)  -> (artifact id: '05086122f5243fab964691463ba1a0a9') in 0.013247 seconds 
========================================================================
Received Import Request.
  Time since last request: 0.601018 seconds.
  path: Assets/Scenes/CatBorg Studio/3D Dungeon Lowpoly Pack
  artifactKey: Guid(1721a1f9d2e39d84caa64f4a81f4af70) Importer(815301076,1909f56bfc062723c751e8b465ee728b)
Start importing Assets/Scenes/CatBorg Studio/3D Dungeon Lowpoly Pack using Guid(1721a1f9d2e39d84caa64f4a81f4af70) Importer(815301076,1909f56bfc062723c751e8b465ee728b)  -> (artifact id: '0a4105415ccc454f4ecf6f0d0711e2fa') in 0.015390 seconds 
========================================================================
Received Import Request.
  Time since last request: 1.828454 seconds.
  path: Assets/Scenes/CatBorg Studio/3D Dungeon Lowpoly Pack/Models
  artifactKey: Guid(3355c30b1f443be4aac5c62bc2ac380c) Importer(815301076,1909f56bfc062723c751e8b465ee728b)
Start importing Assets/Scenes/CatBorg Studio/3D Dungeon Lowpoly Pack/Models using Guid(3355c30b1f443be4aac5c62bc2ac380c) Importer(815301076,1909f56bfc062723c751e8b465ee728b)  -> (artifact id: 'eaaffc1f3746029006fb632ae6c2d295') in 0.015530 seconds 
========================================================================
Received Import Request.
  Time since last request: 0.059337 seconds.
  path: Assets/Scenes/CatBorg Studio/3D Dungeon Lowpoly Pack/Models/01_DiningHall_01_Bottle#1.fbx
  artifactKey: Guid(821015a023bdd0c4f8c6e61b6586edb3) Importer(815301076,1909f56bfc062723c751e8b465ee728b)
Start importing Assets/Scenes/CatBorg Studio/3D Dungeon Lowpoly Pack/Models/01_DiningHall_01_Bottle#1.fbx using Guid(821015a023bdd0c4f8c6e61b6586edb3) Importer(815301076,1909f56bfc062723c751e8b465ee728b)  -> (artifact id: '1f5e6c92c1758ddc45b89a64267bf182') in 0.213374 seconds 
========================================================================
Received Import Request.
  Time since last request: 0.000034 seconds.
  path: Assets/Scenes/CatBorg Studio/3D Dungeon Lowpoly Pack/Models/02_Kitchen_01_CuttingBoard#2.fbx
  artifactKey: Guid(833386d75d20afc47ae8848a6f445176) Importer(815301076,1909f56bfc062723c751e8b465ee728b)
Start importing Assets/Scenes/CatBorg Studio/3D Dungeon Lowpoly Pack/Models/02_Kitchen_01_CuttingBoard#2.fbx using Guid(833386d75d20afc47ae8848a6f445176) Importer(815301076,1909f56bfc062723c751e8b465ee728b)  -> (artifact id: 'b6b91e55b5bff40073c500915677609d') in 0.036379 seconds 
========================================================================
Received Import Request.
  Time since last request: 0.000044 seconds.
  path: Assets/Scenes/CatBorg Studio/3D Dungeon Lowpoly Pack/Models/03_Blacksmith_01_Blower.fbx
  artifactKey: Guid(10054154c56d50d4d94c140c976354e6) Importer(815301076,1909f56bfc062723c751e8b465ee728b)
Start importing Assets/Scenes/CatBorg Studio/3D Dungeon Lowpoly Pack/Models/03_Blacksmith_01_Blower.fbx using Guid(10054154c56d50d4d94c140c976354e6) Importer(815301076,1909f56bfc062723c751e8b465ee728b)  -> (artifact id: '4a40222a9405b17aaa1657876957ab28') in 0.041912 seconds 
========================================================================
Received Import Request.
  Time since last request: 0.000033 seconds.
  path: Assets/Scenes/CatBorg Studio/3D Dungeon Lowpoly Pack/Models/03_Blacksmith_01_Anvil.fbx
  artifactKey: Guid(19ec89ffd5564c746b7efc29eaf2fddb) Importer(815301076,1909f56bfc062723c751e8b465ee728b)
Start importing Assets/Scenes/CatBorg Studio/3D Dungeon Lowpoly Pack/Models/03_Blacksmith_01_Anvil.fbx using Guid(19ec89ffd5564c746b7efc29eaf2fddb) Importer(815301076,1909f56bfc062723c751e8b465ee728b)  -> (artifact id: '206233a6e4eb1fb20b49f73ca34b6693') in 0.039992 seconds 
========================================================================
Received Import Request.
  Time since last request: 0.000040 seconds.
  path: Assets/Scenes/CatBorg Studio/3D Dungeon Lowpoly Pack/Models/04_Bedroom_01_Beed_4.fbx
  artifactKey: Guid(e8c9e5adf8a0ced4a850a82188865bca) Importer(815301076,1909f56bfc062723c751e8b465ee728b)
Start importing Assets/Scenes/CatBorg Studio/3D Dungeon Lowpoly Pack/Models/04_Bedroom_01_Beed_4.fbx using Guid(e8c9e5adf8a0ced4a850a82188865bca) Importer(815301076,1909f56bfc062723c751e8b465ee728b)  -> (artifact id: 'd35b1237d510e20e70f5ceb93351437b') in 0.042068 seconds 
========================================================================
Received Import Request.
  Time since last request: 0.000036 seconds.
  path: Assets/Scenes/CatBorg Studio/3D Dungeon Lowpoly Pack/Models/04_Bedroom_01_Beed_2.fbx
  artifactKey: Guid(b1317f7181c663f44bfcc2bcf2c5fe85) Importer(815301076,1909f56bfc062723c751e8b465ee728b)
Start importing Assets/Scenes/CatBorg Studio/3D Dungeon Lowpoly Pack/Models/04_Bedroom_01_Beed_2.fbx using Guid(b1317f7181c663f44bfcc2bcf2c5fe85) Importer(815301076,1909f56bfc062723c751e8b465ee728b)  -> (artifact id: 'b928e6eb3c0e1be5d2b4c8f5a2aa47d3') in 0.045206 seconds 
========================================================================
Received Import Request.
  Time since last request: 0.000036 seconds.
  path: Assets/Scenes/CatBorg Studio/3D Dungeon Lowpoly Pack/Models/03_Blacksmith_01_Hammer#2.fbx
  artifactKey: Guid(1e457b6408d1a6d43a5ea2846d1bd88f) Importer(815301076,1909f56bfc062723c751e8b465ee728b)
Start importing Assets/Scenes/CatBorg Studio/3D Dungeon Lowpoly Pack/Models/03_Blacksmith_01_Hammer#2.fbx using Guid(1e457b6408d1a6d43a5ea2846d1bd88f) Importer(815301076,1909f56bfc062723c751e8b465ee728b)  -> (artifact id: '59cacd8a0896ce781bee63a72394e0af') in 0.043807 seconds 
========================================================================
Received Import Request.
  Time since last request: 0.000046 seconds.
  path: Assets/Scenes/CatBorg Studio/3D Dungeon Lowpoly Pack/Models/03_Blacksmith_01_Hammer#1.fbx
  artifactKey: Guid(69d98bde32b7f3e4bb75de0f21b4347f) Importer(815301076,1909f56bfc062723c751e8b465ee728b)
Start importing Assets/Scenes/CatBorg Studio/3D Dungeon Lowpoly Pack/Models/03_Blacksmith_01_Hammer#1.fbx using Guid(69d98bde32b7f3e4bb75de0f21b4347f) Importer(815301076,1909f56bfc062723c751e8b465ee728b)  -> (artifact id: 'cd1109c33daf55d47ccc0d10c0eca660') in 0.047362 seconds 
========================================================================
Received Import Request.
  Time since last request: 0.000047 seconds.
  path: Assets/Scenes/CatBorg Studio/3D Dungeon Lowpoly Pack/Models/01_DiningHall_01_Bowl#1.fbx
  artifactKey: Guid(c0ce8dbd0c29671469ad6feb59e4b12d) Importer(815301076,1909f56bfc062723c751e8b465ee728b)
Start importing Assets/Scenes/CatBorg Studio/3D Dungeon Lowpoly Pack/Models/01_DiningHall_01_Bowl#1.fbx using Guid(c0ce8dbd0c29671469ad6feb59e4b12d) Importer(815301076,1909f56bfc062723c751e8b465ee728b)  -> (artifact id: 'e3c7c4c3aaac10087c50d3b2d3d92119') in 0.047423 seconds 
========================================================================
Received Import Request.
  Time since last request: 0.000038 seconds.
  path: Assets/Scenes/CatBorg Studio/3D Dungeon Lowpoly Pack/Models/01_Library_01_Candle#1.fbx
  artifactKey: Guid(99c532f0f6a3efd46a5c46e41a790c3c) Importer(815301076,1909f56bfc062723c751e8b465ee728b)
Start importing Assets/Scenes/CatBorg Studio/3D Dungeon Lowpoly Pack/Models/01_Library_01_Candle#1.fbx using Guid(99c532f0f6a3efd46a5c46e41a790c3c) Importer(815301076,1909f56bfc062723c751e8b465ee728b)  -> (artifact id: 'b91d839a342d636150fc9b2498435d23') in 0.043747 seconds 
========================================================================
Received Import Request.
  Time since last request: 0.000048 seconds.
  path: Assets/Scenes/CatBorg Studio/3D Dungeon Lowpoly Pack/Models/02_Kitchen_01_CookingPot#1_Stander.fbx
  artifactKey: Guid(af90d133d353ae4458d884c515f77053) Importer(815301076,1909f56bfc062723c751e8b465ee728b)
Start importing Assets/Scenes/CatBorg Studio/3D Dungeon Lowpoly Pack/Models/02_Kitchen_01_CookingPot#1_Stander.fbx using Guid(af90d133d353ae4458d884c515f77053) Importer(815301076,1909f56bfc062723c751e8b465ee728b)  -> (artifact id: '25d00288dd41bb6ee16edf5192bdc091') in 0.043896 seconds 
========================================================================
Received Import Request.
  Time since last request: 0.000041 seconds.
  path: Assets/Scenes/CatBorg Studio/3D Dungeon Lowpoly Pack/Models/03_Blacksmith_01_GrindingWheel_Frame.fbx
  artifactKey: Guid(4f1f23180efdef6449f1b0b9b1b1083f) Importer(815301076,1909f56bfc062723c751e8b465ee728b)
Start importing Assets/Scenes/CatBorg Studio/3D Dungeon Lowpoly Pack/Models/03_Blacksmith_01_GrindingWheel_Frame.fbx using Guid(4f1f23180efdef6449f1b0b9b1b1083f) Importer(815301076,1909f56bfc062723c751e8b465ee728b)  -> (artifact id: 'e13ba3a0c00c5e60c0e3d8c739ba080c') in 0.053751 seconds 
========================================================================
Received Import Request.
  Time since last request: 0.000054 seconds.
  path: Assets/Scenes/CatBorg Studio/3D Dungeon Lowpoly Pack/Models/04_Bedroom_01_Beed_1.fbx
  artifactKey: Guid(0ac93ca44e3d53f4ca0e022fdb13ee3f) Importer(815301076,1909f56bfc062723c751e8b465ee728b)
Start importing Assets/Scenes/CatBorg Studio/3D Dungeon Lowpoly Pack/Models/04_Bedroom_01_Beed_1.fbx using Guid(0ac93ca44e3d53f4ca0e022fdb13ee3f) Importer(815301076,1909f56bfc062723c751e8b465ee728b)  -> (artifact id: '04783ad2b46d1e234afeb79a6ec0af88') in 0.049592 seconds 
========================================================================
Received Import Request.
  Time since last request: 0.000072 seconds.
  path: Assets/Scenes/CatBorg Studio/3D Dungeon Lowpoly Pack/Models/04_Bedroom_01_Beed_3.fbx
  artifactKey: Guid(a638869df4328a94b8f7ebf1fda3b523) Importer(815301076,1909f56bfc062723c751e8b465ee728b)
Start importing Assets/Scenes/CatBorg Studio/3D Dungeon Lowpoly Pack/Models/04_Bedroom_01_Beed_3.fbx using Guid(a638869df4328a94b8f7ebf1fda3b523) Importer(815301076,1909f56bfc062723c751e8b465ee728b)  -> (artifact id: '2bf35db62d4173853c8eba91949f9a0c') in 0.065568 seconds 
========================================================================
Received Import Request.
  Time since last request: 0.000039 seconds.
  path: Assets/Scenes/CatBorg Studio/3D Dungeon Lowpoly Pack/Models/01_DiningHall_01_Cup#1.fbx
  artifactKey: Guid(1fa8d3e2bdfd68f4e9e50a59fd55ff91) Importer(815301076,1909f56bfc062723c751e8b465ee728b)
Start importing Assets/Scenes/CatBorg Studio/3D Dungeon Lowpoly Pack/Models/01_DiningHall_01_Cup#1.fbx using Guid(1fa8d3e2bdfd68f4e9e50a59fd55ff91) Importer(815301076,1909f56bfc062723c751e8b465ee728b)  -> (artifact id: '78ea71715206d58d644f415dcf9bf22a') in 0.049789 seconds 
========================================================================
Received Import Request.
  Time since last request: 0.000050 seconds.
  path: Assets/Scenes/CatBorg Studio/3D Dungeon Lowpoly Pack/Models/02_Kitchen_01_WoodenTable#2.fbx
  artifactKey: Guid(ea28e5713c123c647a7bcfd73549184c) Importer(815301076,1909f56bfc062723c751e8b465ee728b)
Start importing Assets/Scenes/CatBorg Studio/3D Dungeon Lowpoly Pack/Models/02_Kitchen_01_WoodenTable#2.fbx using Guid(ea28e5713c123c647a7bcfd73549184c) Importer(815301076,1909f56bfc062723c751e8b465ee728b)  -> (artifact id: '66ebd90aa2eec92c62bc79161ca39dd4') in 0.049412 seconds 
========================================================================
Received Import Request.
  Time since last request: 0.000085 seconds.
  path: Assets/Scenes/CatBorg Studio/3D Dungeon Lowpoly Pack/Models/03_Blacksmith_01_Forge.fbx
  artifactKey: Guid(8d2c90bfe34335e44b8a0ab9891d9f42) Importer(815301076,1909f56bfc062723c751e8b465ee728b)
Start importing Assets/Scenes/CatBorg Studio/3D Dungeon Lowpoly Pack/Models/03_Blacksmith_01_Forge.fbx using Guid(8d2c90bfe34335e44b8a0ab9891d9f42) Importer(815301076,1909f56bfc062723c751e8b465ee728b)  -> (artifact id: '784d84086db5a3230b1cbb2a6e574990') in 0.049484 seconds 
========================================================================
Received Import Request.
  Time since last request: 0.000076 seconds.
  path: Assets/Scenes/CatBorg Studio/3D Dungeon Lowpoly Pack/Models/01_Library_01_BookSmall_Green.fbx
  artifactKey: Guid(19beee987cc34624cb12ac982e0dc8e6) Importer(815301076,1909f56bfc062723c751e8b465ee728b)
Start importing Assets/Scenes/CatBorg Studio/3D Dungeon Lowpoly Pack/Models/01_Library_01_BookSmall_Green.fbx using Guid(19beee987cc34624cb12ac982e0dc8e6) Importer(815301076,1909f56bfc062723c751e8b465ee728b)  -> (artifact id: '998e4de496d633bfd52dcdec85c324e2') in 0.071152 seconds 
========================================================================
Received Import Request.
  Time since last request: 0.000129 seconds.
  path: Assets/Scenes/CatBorg Studio/3D Dungeon Lowpoly Pack/Models/03_Blacksmith_01_CooperBar.fbx
  artifactKey: Guid(f0ee873b9c72e8849a5bf14636c21c4f) Importer(815301076,1909f56bfc062723c751e8b465ee728b)
Start importing Assets/Scenes/CatBorg Studio/3D Dungeon Lowpoly Pack/Models/03_Blacksmith_01_CooperBar.fbx using Guid(f0ee873b9c72e8849a5bf14636c21c4f) Importer(815301076,1909f56bfc062723c751e8b465ee728b)  -> (artifact id: '7bc54118690f28a109fb737bcda58d6a') in 0.055488 seconds 
========================================================================
Received Import Request.
  Time since last request: 0.000063 seconds.
  path: Assets/Scenes/CatBorg Studio/3D Dungeon Lowpoly Pack/Models/01_Library_01_Desk#1.fbx
  artifactKey: Guid(c454e92f88d86214cb2e75fe02c580d9) Importer(815301076,1909f56bfc062723c751e8b465ee728b)
Start importing Assets/Scenes/CatBorg Studio/3D Dungeon Lowpoly Pack/Models/01_Library_01_Desk#1.fbx using Guid(c454e92f88d86214cb2e75fe02c580d9) Importer(815301076,1909f56bfc062723c751e8b465ee728b)  -> (artifact id: '928b9ba75bce3e5cab0873a48fcbb300') in 0.062240 seconds 
========================================================================
Received Import Request.
  Time since last request: 0.000075 seconds.
  path: Assets/Scenes/CatBorg Studio/3D Dungeon Lowpoly Pack/Models/01_DiningHall_01_Bottle#3.fbx
  artifactKey: Guid(8c67db829d4459646af2df5502b713de) Importer(815301076,1909f56bfc062723c751e8b465ee728b)
Start importing Assets/Scenes/CatBorg Studio/3D Dungeon Lowpoly Pack/Models/01_DiningHall_01_Bottle#3.fbx using Guid(8c67db829d4459646af2df5502b713de) Importer(815301076,1909f56bfc062723c751e8b465ee728b)  -> (artifact id: 'e4d9d1448d629e7804841f3da927b03c') in 0.511217 seconds 
========================================================================
Received Import Request.
  Time since last request: 0.000059 seconds.
  path: Assets/Scenes/CatBorg Studio/3D Dungeon Lowpoly Pack/Models/01_Library_01_BookSmall_Purple.fbx
  artifactKey: Guid(baeb6d946a999eb43a6439bb6ea7f69f) Importer(815301076,1909f56bfc062723c751e8b465ee728b)
Start importing Assets/Scenes/CatBorg Studio/3D Dungeon Lowpoly Pack/Models/01_Library_01_BookSmall_Purple.fbx using Guid(baeb6d946a999eb43a6439bb6ea7f69f) Importer(815301076,1909f56bfc062723c751e8b465ee728b)  -> (artifact id: '519ca0ff775de14d4f711af3e4f817db') in 0.057157 seconds 
========================================================================
Received Import Request.
  Time since last request: 0.389215 seconds.
  path: Assets/Scenes/CatBorg Studio/3D Dungeon Lowpoly Pack/Models/04_Bedroom_01_Matrace_ForBeed_1.fbx
  artifactKey: Guid(1ef5953b6c063f242b91ff91bfb0bc44) Importer(815301076,1909f56bfc062723c751e8b465ee728b)
Start importing Assets/Scenes/CatBorg Studio/3D Dungeon Lowpoly Pack/Models/04_Bedroom_01_Matrace_ForBeed_1.fbx using Guid(1ef5953b6c063f242b91ff91bfb0bc44) Importer(815301076,1909f56bfc062723c751e8b465ee728b)  -> (artifact id: 'eec04e5932d816a9b611de3b67db0873') in 0.064343 seconds 
========================================================================
Received Import Request.
  Time since last request: 0.000037 seconds.
  path: Assets/Scenes/CatBorg Studio/3D Dungeon Lowpoly Pack/Models/97_Othert_Amphora_Destroyable.fbx
  artifactKey: Guid(52cb12b8923562c4396a116aa66d336a) Importer(815301076,1909f56bfc062723c751e8b465ee728b)
Start importing Assets/Scenes/CatBorg Studio/3D Dungeon Lowpoly Pack/Models/97_Othert_Amphora_Destroyable.fbx using Guid(52cb12b8923562c4396a116aa66d336a) Importer(815301076,1909f56bfc062723c751e8b465ee728b)  -> (artifact id: 'd52a60244aa18abfb16df22ce51d7206') in 0.195189 seconds 
========================================================================
Received Import Request.
  Time since last request: 0.000059 seconds.
  path: Assets/Scenes/CatBorg Studio/3D Dungeon Lowpoly Pack/Models/97_Othert_Key_Red.fbx
  artifactKey: Guid(768f7077446fbd14d9912f6b0d913fa6) Importer(815301076,1909f56bfc062723c751e8b465ee728b)
Start importing Assets/Scenes/CatBorg Studio/3D Dungeon Lowpoly Pack/Models/97_Othert_Key_Red.fbx using Guid(768f7077446fbd14d9912f6b0d913fa6) Importer(815301076,1909f56bfc062723c751e8b465ee728b)  -> (artifact id: 'a848ed48ad27b57074924ee0071c0810') in 0.056259 seconds 
========================================================================
Received Import Request.
  Time since last request: 0.000080 seconds.
  path: Assets/Scenes/CatBorg Studio/3D Dungeon Lowpoly Pack/Models/97_Othert_Barrel_Whole.fbx
  artifactKey: Guid(f4a2f9011f80b8149958fbd8accb1077) Importer(815301076,1909f56bfc062723c751e8b465ee728b)
Start importing Assets/Scenes/CatBorg Studio/3D Dungeon Lowpoly Pack/Models/97_Othert_Barrel_Whole.fbx using Guid(f4a2f9011f80b8149958fbd8accb1077) Importer(815301076,1909f56bfc062723c751e8b465ee728b)  -> (artifact id: '76600eb6bce2d5f2e7aaef488f7bf3d7') in 0.051856 seconds 
========================================================================
Received Import Request.
  Time since last request: 0.000045 seconds.
  path: Assets/Scenes/CatBorg Studio/3D Dungeon Lowpoly Pack/Models/97_Othert_Amphora_Whole.fbx
  artifactKey: Guid(05f1982eaf975f44dafab44f8b43ddba) Importer(815301076,1909f56bfc062723c751e8b465ee728b)
Start importing Assets/Scenes/CatBorg Studio/3D Dungeon Lowpoly Pack/Models/97_Othert_Amphora_Whole.fbx using Guid(05f1982eaf975f44dafab44f8b43ddba) Importer(815301076,1909f56bfc062723c751e8b465ee728b)  -> (artifact id: 'de3ee829f2bd1c56e7c8950362370765') in 0.078518 seconds 
========================================================================
Received Import Request.
  Time since last request: 0.000064 seconds.
  path: Assets/Scenes/CatBorg Studio/3D Dungeon Lowpoly Pack/Models/99_Decorations_WallBanner_5.fbx
  artifactKey: Guid(2c47b3c297f48df40b76fe28819338e1) Importer(815301076,1909f56bfc062723c751e8b465ee728b)
Start importing Assets/Scenes/CatBorg Studio/3D Dungeon Lowpoly Pack/Models/99_Decorations_WallBanner_5.fbx using Guid(2c47b3c297f48df40b76fe28819338e1) Importer(815301076,1909f56bfc062723c751e8b465ee728b)  -> (artifact id: 'ae39fe55e726842b52f25249757793ec') in 0.050226 seconds 
========================================================================
Received Import Request.
  Time since last request: 0.000131 seconds.
  path: Assets/Scenes/CatBorg Studio/3D Dungeon Lowpoly Pack/Models/99_Enviroment_Doors.fbx
  artifactKey: Guid(65536e910924dd84cbb1310ea1cdd100) Importer(815301076,1909f56bfc062723c751e8b465ee728b)
Start importing Assets/Scenes/CatBorg Studio/3D Dungeon Lowpoly Pack/Models/99_Enviroment_Doors.fbx using Guid(65536e910924dd84cbb1310ea1cdd100) Importer(815301076,1909f56bfc062723c751e8b465ee728b)  -> (artifact id: 'b139dc478329c2beddefd3b1d9f56057') in 0.133247 seconds 
========================================================================
Received Import Request.
  Time since last request: 0.000051 seconds.
  path: Assets/Scenes/CatBorg Studio/3D Dungeon Lowpoly Pack/Models/99_Enviroment_Floor_03.fbx
  artifactKey: Guid(f5a2aed0ed573f4479111a67565c1d46) Importer(815301076,1909f56bfc062723c751e8b465ee728b)
Start importing Assets/Scenes/CatBorg Studio/3D Dungeon Lowpoly Pack/Models/99_Enviroment_Floor_03.fbx using Guid(f5a2aed0ed573f4479111a67565c1d46) Importer(815301076,1909f56bfc062723c751e8b465ee728b)  -> (artifact id: 'd6de5b650978d0924f731908ff9d38f7') in 0.055738 seconds 
========================================================================
Received Import Request.
  Time since last request: 0.000068 seconds.
  path: Assets/Scenes/CatBorg Studio/3D Dungeon Lowpoly Pack/Models/99_Enviroment_Wall_02.fbx
  artifactKey: Guid(5ffc2767e722d8b47b8c8b3c55c0d4dd) Importer(815301076,1909f56bfc062723c751e8b465ee728b)
Start importing Assets/Scenes/CatBorg Studio/3D Dungeon Lowpoly Pack/Models/99_Enviroment_Wall_02.fbx using Guid(5ffc2767e722d8b47b8c8b3c55c0d4dd) Importer(815301076,1909f56bfc062723c751e8b465ee728b)  -> (artifact id: '8ce87b78b9c23d9e1fcb440cda169e97') in 0.085473 seconds 
========================================================================
Received Import Request.
  Time since last request: 0.000088 seconds.
  path: Assets/Scenes/CatBorg Studio/3D Dungeon Lowpoly Pack/Models/99_Enviroment_Floor_05.fbx
  artifactKey: Guid(6670a1e69c32cf14c805b03a61a90bb0) Importer(815301076,1909f56bfc062723c751e8b465ee728b)
Start importing Assets/Scenes/CatBorg Studio/3D Dungeon Lowpoly Pack/Models/99_Enviroment_Floor_05.fbx using Guid(6670a1e69c32cf14c805b03a61a90bb0) Importer(815301076,1909f56bfc062723c751e8b465ee728b)  -> (artifact id: '5db3d1ddfa751d0f28f2d301b70b0682') in 0.057593 seconds 
========================================================================
Received Import Request.
  Time since last request: 0.000061 seconds.
  path: Assets/Scenes/CatBorg Studio/3D Dungeon Lowpoly Pack/Models/99_Decorations_WallBanner_4.fbx
  artifactKey: Guid(e3909f3752d08d446b0e3034f5e23b7a) Importer(815301076,1909f56bfc062723c751e8b465ee728b)
Start importing Assets/Scenes/CatBorg Studio/3D Dungeon Lowpoly Pack/Models/99_Decorations_WallBanner_4.fbx using Guid(e3909f3752d08d446b0e3034f5e23b7a) Importer(815301076,1909f56bfc062723c751e8b465ee728b)  -> (artifact id: '2bcff4257543cecf92ed685c7bafc1d9') in 0.054951 seconds 
========================================================================
Received Import Request.
  Time since last request: 0.000064 seconds.
  path: Assets/Scenes/CatBorg Studio/3D Dungeon Lowpoly Pack/Models/97_Othert_Torch_1.fbx
  artifactKey: Guid(0a0e49f111f777f48a1b4586c089df4e) Importer(815301076,1909f56bfc062723c751e8b465ee728b)
Start importing Assets/Scenes/CatBorg Studio/3D Dungeon Lowpoly Pack/Models/97_Othert_Torch_1.fbx using Guid(0a0e49f111f777f48a1b4586c089df4e) Importer(815301076,1909f56bfc062723c751e8b465ee728b)  -> (artifact id: '01ac6a2b784c5fac728fe39f9d62d74f') in 0.054745 seconds 
========================================================================
Received Import Request.
  Time since last request: 0.000051 seconds.
  path: Assets/Scenes/CatBorg Studio/3D Dungeon Lowpoly Pack/Models/97_Othert_Key_Green.fbx
  artifactKey: Guid(7d50fad5f036ead409f2647aaf87020b) Importer(815301076,1909f56bfc062723c751e8b465ee728b)
Start importing Assets/Scenes/CatBorg Studio/3D Dungeon Lowpoly Pack/Models/97_Othert_Key_Green.fbx using Guid(7d50fad5f036ead409f2647aaf87020b) Importer(815301076,1909f56bfc062723c751e8b465ee728b)  -> (artifact id: '9dc978823ccc669e6650423319adcab9') in 0.053902 seconds 
========================================================================
Received Import Request.
  Time since last request: 0.000052 seconds.
  path: Assets/Scenes/CatBorg Studio/3D Dungeon Lowpoly Pack/Models/99_Decorations_WallBanner_3.fbx
  artifactKey: Guid(bfba9512654755e42b00fd88f7d72691) Importer(815301076,1909f56bfc062723c751e8b465ee728b)
Start importing Assets/Scenes/CatBorg Studio/3D Dungeon Lowpoly Pack/Models/99_Decorations_WallBanner_3.fbx using Guid(bfba9512654755e42b00fd88f7d72691) Importer(815301076,1909f56bfc062723c751e8b465ee728b)  -> (artifact id: 'eecdbae6bab79712a078a52bb37b7544') in 0.062980 seconds 
========================================================================
Received Import Request.
  Time since last request: 0.000070 seconds.
  path: Assets/Scenes/CatBorg Studio/3D Dungeon Lowpoly Pack/Models/97_Othert_Barrel_MK2.fbx
  artifactKey: Guid(0843b88777ab1574c8ef4fc388f0f13b) Importer(815301076,1909f56bfc062723c751e8b465ee728b)
Start importing Assets/Scenes/CatBorg Studio/3D Dungeon Lowpoly Pack/Models/97_Othert_Barrel_MK2.fbx using Guid(0843b88777ab1574c8ef4fc388f0f13b) Importer(815301076,1909f56bfc062723c751e8b465ee728b)  -> (artifact id: 'dece76bb1bc1ba2f6e48214881416846') in 0.478673 seconds 
========================================================================
Received Import Request.
  Time since last request: 0.000051 seconds.
  path: Assets/Scenes/CatBorg Studio/3D Dungeon Lowpoly Pack/Models/97_Othert_Key_Yellow_2.fbx
  artifactKey: Guid(9164e96d5f7440a4eb5a8dd1a8e0855f) Importer(815301076,1909f56bfc062723c751e8b465ee728b)
Start importing Assets/Scenes/CatBorg Studio/3D Dungeon Lowpoly Pack/Models/97_Othert_Key_Yellow_2.fbx using Guid(9164e96d5f7440a4eb5a8dd1a8e0855f) Importer(815301076,1909f56bfc062723c751e8b465ee728b)  -> (artifact id: 'a6cc8950396aa6bc56fcd715fb94f9b8') in 0.060438 seconds 
========================================================================
Received Import Request.
  Time since last request: 0.000081 seconds.
  path: Assets/Scenes/CatBorg Studio/3D Dungeon Lowpoly Pack/Models/99_Decorations_SpiderWebb_2.fbx
  artifactKey: Guid(0ece5c8b685346a4ca0e7f26de994d72) Importer(815301076,1909f56bfc062723c751e8b465ee728b)
Start importing Assets/Scenes/CatBorg Studio/3D Dungeon Lowpoly Pack/Models/99_Decorations_SpiderWebb_2.fbx using Guid(0ece5c8b685346a4ca0e7f26de994d72) Importer(815301076,1909f56bfc062723c751e8b465ee728b)  -> (artifact id: '66ea97411ee960728c08fb2aee5419d2') in 0.063077 seconds 
========================================================================
Received Import Request.
  Time since last request: 0.000051 seconds.
  path: Assets/Scenes/CatBorg Studio/3D Dungeon Lowpoly Pack/Models/99_Enviroment_Stears.fbx
  artifactKey: Guid(e7acb14ed36ace9438cb0acd158f7d2d) Importer(815301076,1909f56bfc062723c751e8b465ee728b)
Start importing Assets/Scenes/CatBorg Studio/3D Dungeon Lowpoly Pack/Models/99_Enviroment_Stears.fbx using Guid(e7acb14ed36ace9438cb0acd158f7d2d) Importer(815301076,1909f56bfc062723c751e8b465ee728b)  -> (artifact id: '62ac12d8f2648061d60e8ba5c7e7dac4') in 0.059656 seconds 
Editor requested this worker to shutdown with reason: Scaling down because of idle timeout
AssetImportWorker is now disconnected from the server
Process exiting
Exiting without the bug reporter. Application will terminate with return code 0