Using pre-set license
Built from '2021.3/staging' branch; Version is '2021.3.9f1 (ad3870b89536) revision 11352176'; Using compiler version '192829333'; Build Type 'Release'
OS: 'Windows 11  (10.0.22000) 64bit Core' Language: 'en' Physical Memory: 32472 MB
BatchMode: 1, IsHumanControllingUs: 0, StartBugReporterOnCrash: 0, Is64bit: 1, IsPro: 1

COMMAND LINE ARGUMENTS:
C:\Program Files\Unity\Hub\Editor\2021.3.9f1\Editor\Unity.exe
-adb2
-batchMode
-noUpm
-name
AssetImportWorker2
-projectPath
C:/Users/alexl/OneDrive/Documents/GitHub/Comp Animation Challenge 3
-logFile
Logs/AssetImportWorker2.log
-srvPort
49689
Successfully changed project path to: C:/Users/alexl/OneDrive/Documents/GitHub/Comp Animation Challenge 3
C:/Users/alexl/OneDrive/Documents/GitHub/Comp Animation Challenge 3
[UnityMemory] Configuration Parameters - Can be set up in boot.config
    "memorysetup-bucket-allocator-granularity=16"
    "memorysetup-bucket-allocator-bucket-count=8"
    "memorysetup-bucket-allocator-block-size=33554432"
    "memorysetup-bucket-allocator-block-count=8"
    "memorysetup-main-allocator-block-size=16777216"
    "memorysetup-thread-allocator-block-size=16777216"
    "memorysetup-gfx-main-allocator-block-size=16777216"
    "memorysetup-gfx-thread-allocator-block-size=16777216"
    "memorysetup-cache-allocator-block-size=4194304"
    "memorysetup-typetree-allocator-block-size=2097152"
    "memorysetup-profiler-bucket-allocator-granularity=16"
    "memorysetup-profiler-bucket-allocator-bucket-count=8"
    "memorysetup-profiler-bucket-allocator-block-size=33554432"
    "memorysetup-profiler-bucket-allocator-block-count=8"
    "memorysetup-profiler-allocator-block-size=16777216"
    "memorysetup-profiler-editor-allocator-block-size=1048576"
    "memorysetup-temp-allocator-size-main=16777216"
    "memorysetup-job-temp-allocator-block-size=2097152"
    "memorysetup-job-temp-allocator-block-size-background=1048576"
    "memorysetup-job-temp-allocator-reduction-small-platforms=262144"
    "memorysetup-temp-allocator-size-background-worker=32768"
    "memorysetup-temp-allocator-size-job-worker=262144"
    "memorysetup-temp-allocator-size-preload-manager=33554432"
    "memorysetup-temp-allocator-size-nav-mesh-worker=65536"
    "memorysetup-temp-allocator-size-audio-worker=65536"
    "memorysetup-temp-allocator-size-cloud-worker=32768"
    "memorysetup-temp-allocator-size-gi-baking-worker=262144"
    "memorysetup-temp-allocator-size-gfx=262144"
Refreshing native plugins compatible for Editor in 77.67 ms, found 3 plugins.
Preloading 0 native plugins for Editor in 0.00 ms.
Initialize engine version: 2021.3.9f1 (ad3870b89536)
[Subsystems] Discovering subsystems at path C:/Program Files/Unity/Hub/Editor/2021.3.9f1/Editor/Data/Resources/UnitySubsystems
[Subsystems] Discovering subsystems at path C:/Users/alexl/OneDrive/Documents/GitHub/Comp Animation Challenge 3/Assets
GfxDevice: creating device client; threaded=0; jobified=0
Direct3D:
    Version:  Direct3D 11.0 [level 11.1]
    Renderer: NVIDIA GeForce RTX 3070 Ti Laptop GPU (ID=0x24a0)
    Vendor:   NVIDIA
    VRAM:     8043 MB
    Driver:   30.0.15.1165
Initialize mono
Mono path[0] = 'C:/Program Files/Unity/Hub/Editor/2021.3.9f1/Editor/Data/Managed'
Mono path[1] = 'C:/Program Files/Unity/Hub/Editor/2021.3.9f1/Editor/Data/MonoBleedingEdge/lib/mono/unityjit-win32'
Mono config path = 'C:/Program Files/Unity/Hub/Editor/2021.3.9f1/Editor/Data/MonoBleedingEdge/etc'
Using monoOptions --debugger-agent=transport=dt_socket,embedding=1,server=y,suspend=n,address=127.0.0.1:56948
Begin MonoManager ReloadAssembly
Registering precompiled unity dll's ...
Register platform support module: C:/Program Files/Unity/Hub/Editor/2021.3.9f1/Editor/Data/PlaybackEngines/WebGLSupport/UnityEditor.WebGL.Extensions.dll
Register platform support module: C:/Program Files/Unity/Hub/Editor/2021.3.9f1/Editor/Data/PlaybackEngines/WindowsStandaloneSupport/UnityEditor.WindowsStandalone.Extensions.dll
Registered in 0.007564 seconds.
Native extension for WindowsStandalone target not found
Native extension for WebGL target not found
Refreshing native plugins compatible for Editor in 98.46 ms, found 3 plugins.
Preloading 0 native plugins for Editor in 0.00 ms.
Mono: successfully reloaded assembly
- Completed reload, in  0.822 seconds
Domain Reload Profiling:
	ReloadAssembly (823ms)
		BeginReloadAssembly (85ms)
			ExecutionOrderSort (0ms)
			DisableScriptedObjects (0ms)
			BackupInstance (0ms)
			ReleaseScriptingObjects (0ms)
			CreateAndSetChildDomain (1ms)
		EndReloadAssembly (602ms)
			LoadAssemblies (83ms)
			RebuildTransferFunctionScriptingTraits (0ms)
			SetupTypeCache (126ms)
			ReleaseScriptCaches (0ms)
			RebuildScriptCaches (39ms)
			SetupLoadedEditorAssemblies (369ms)
				LogAssemblyErrors (0ms)
				InitializePlatformSupportModulesInManaged (13ms)
				SetLoadedEditorAssemblies (0ms)
				RefreshPlugins (99ms)
				BeforeProcessingInitializeOnLoad (2ms)
				ProcessInitializeOnLoadAttributes (196ms)
				ProcessInitializeOnLoadMethodAttributes (59ms)
				AfterProcessingInitializeOnLoad (0ms)
				EditorAssembliesLoaded (0ms)
			ExecutionOrderSort2 (0ms)
			AwakeInstancesAfterBackupRestoration (0ms)
Platform modules already initialized, skipping
Registering precompiled user dll's ...
Registered in 0.007430 seconds.
Begin MonoManager ReloadAssembly
Symbol file LoadedFromMemory doesn't match image C:\Users\alexl\OneDrive\Documents\GitHub\Comp Animation Challenge 3\Library\PackageCache\com.unity.visualscripting@1.7.8\Editor\VisualScripting.Core\Dependencies\YamlDotNet\Unity.VisualScripting.YamlDotNet.dll
Symbol file LoadedFromMemory doesn't match image C:\Users\alexl\OneDrive\Documents\GitHub\Comp Animation Challenge 3\Library\PackageCache\com.unity.visualscripting@1.7.8\Editor\VisualScripting.Core\Dependencies\DotNetZip\Unity.VisualScripting.IonicZip.dll
Native extension for WindowsStandalone target not found
Native extension for WebGL target not found
Refreshing native plugins compatible for Editor in 0.62 ms, found 3 plugins.
Preloading 0 native plugins for Editor in 0.00 ms.
Mono: successfully reloaded assembly
- Completed reload, in  1.248 seconds
Domain Reload Profiling:
	ReloadAssembly (1249ms)
		BeginReloadAssembly (143ms)
			ExecutionOrderSort (0ms)
			DisableScriptedObjects (7ms)
			BackupInstance (0ms)
			ReleaseScriptingObjects (0ms)
			CreateAndSetChildDomain (26ms)
		EndReloadAssembly (956ms)
			LoadAssemblies (104ms)
			RebuildTransferFunctionScriptingTraits (0ms)
			SetupTypeCache (305ms)
			ReleaseScriptCaches (1ms)
			RebuildScriptCaches (60ms)
			SetupLoadedEditorAssemblies (448ms)
				LogAssemblyErrors (0ms)
				InitializePlatformSupportModulesInManaged (8ms)
				SetLoadedEditorAssemblies (1ms)
				RefreshPlugins (1ms)
				BeforeProcessingInitializeOnLoad (103ms)
				ProcessInitializeOnLoadAttributes (289ms)
				ProcessInitializeOnLoadMethodAttributes (38ms)
				AfterProcessingInitializeOnLoad (8ms)
				EditorAssembliesLoaded (1ms)
			ExecutionOrderSort2 (0ms)
			AwakeInstancesAfterBackupRestoration (6ms)
Platform modules already initialized, skipping
========================================================================
Worker process is ready to serve import requests
Launched and connected shader compiler UnityShaderCompiler.exe after 0.05 seconds
Refreshing native plugins compatible for Editor in 0.53 ms, found 3 plugins.
Preloading 0 native plugins for Editor in 0.00 ms.
Unloading 3386 Unused Serialized files (Serialized files now loaded: 0)
Unloading 27 unused Assets / (111.4 KB). Loaded Objects now: 3843.
Memory consumption went from 116.4 MB to 116.3 MB.
Total: 3.948100 ms (FindLiveObjects: 0.238400 ms CreateObjectMapping: 0.118300 ms MarkObjects: 3.497300 ms  DeleteObjects: 0.093000 ms)

AssetImportParameters requested are different than current active one (requested -> active):
  custom:video-decoder-ogg-theora: a1e56fd34408186e4bbccfd4996cb3dc -> 
  custom:container-muxer-webm: aa71ff27fc2769a1b78a27578f13a17b -> 
  custom:container-demuxer-webm: 4f35f7cbe854078d1ac9338744f61a02 -> 
  custom:video-encoder-webm-vp8: eb34c28f22e8b96e1ab97ce403110664 -> 
  custom:audio-encoder-webm-vorbis: bf7c407c2cedff20999df2af8eb42d56 -> 
  custom:framework-win-MediaFoundation: 216162199b28c13a410421893ffa2e32 -> 
  custom:container-demuxer-ogg: 62fdf1f143b41e24485cea50d1cbac27 -> 
  custom:video-decoder-webm-vp8: 9c59270c3fd7afecdb556c50c9e8de78 -> 
  custom:audio-decoder-ogg-vorbis: bf7c407c2cedff20999df2af8eb42d56 -> 
========================================================================
Received Import Request.
  Time since last request: 572789.959159 seconds.
  path: Assets/MarioAnimations.controller
  artifactKey: Guid(5ae1dac0f7da2e04898339ae49a184eb) Importer(815301076,1909f56bfc062723c751e8b465ee728b)
Start importing Assets/MarioAnimations.controller using Guid(5ae1dac0f7da2e04898339ae49a184eb) Importer(815301076,1909f56bfc062723c751e8b465ee728b)  -> (artifact id: 'ebcbe6fe237b44bd5b4210d2bff50593') in 0.060417 seconds 
========================================================================
Received Import Request.
  Time since last request: 814.755365 seconds.
  path: Assets/Animations
  artifactKey: Guid(e15ee76f73bfec346815558430c8a0ee) Importer(815301076,1909f56bfc062723c751e8b465ee728b)
Start importing Assets/Animations using Guid(e15ee76f73bfec346815558430c8a0ee) Importer(815301076,1909f56bfc062723c751e8b465ee728b)  -> (artifact id: 'db571423f000d905f4040c89efea8454') in 0.012843 seconds 
========================================================================
Received Import Request.
  Time since last request: 0.639848 seconds.
  path: Assets/Animations/Jump.anim
  artifactKey: Guid(05f37f208bf2be04eb81588336fef06c) Importer(815301076,1909f56bfc062723c751e8b465ee728b)
Start importing Assets/Animations/Jump.anim using Guid(05f37f208bf2be04eb81588336fef06c) Importer(815301076,1909f56bfc062723c751e8b465ee728b)  -> (artifact id: '457f2f571b6ba0289e5296adf924aeb4') in 0.015316 seconds 
========================================================================
Received Import Request.
  Time since last request: 14.514341 seconds.
  path: Assets/Animations/Fast Run.fbx
  artifactKey: Guid(e68bf4337dd37484687756d9ae98ad74) Importer(815301076,1909f56bfc062723c751e8b465ee728b)
Start importing Assets/Animations/Fast Run.fbx using Guid(e68bf4337dd37484687756d9ae98ad74) Importer(815301076,1909f56bfc062723c751e8b465ee728b)  -> (artifact id: '528566131623832e2272247956314d6e') in 0.228854 seconds 
========================================================================
Received Import Request.
  Time since last request: 533.589040 seconds.
  path: Assets/Animations/Mario.mask
  artifactKey: Guid(8e187c424aeabaa4089c744f848ad17d) Importer(815301076,1909f56bfc062723c751e8b465ee728b)
Start importing Assets/Animations/Mario.mask using Guid(8e187c424aeabaa4089c744f848ad17d) Importer(815301076,1909f56bfc062723c751e8b465ee728b)  -> (artifact id: '298d53690a309ed3f4669c1f4cc7fcd6') in 0.028145 seconds 
========================================================================
Received Import Request.
  Time since last request: 8.502073 seconds.
  path: Assets/FastIK/Models/tentacle/tentacle.fbx
  artifactKey: Guid(501a1c242d0d8124ba3406778e346e75) Importer(815301076,1909f56bfc062723c751e8b465ee728b)
Start importing Assets/FastIK/Models/tentacle/tentacle.fbx using Guid(501a1c242d0d8124ba3406778e346e75) Importer(815301076,1909f56bfc062723c751e8b465ee728b)  -> (artifact id: '4f7f8d4dfaebc70a40b94c14e9de298b') in 0.046698 seconds 
========================================================================
Received Import Request.
  Time since last request: 178.291116 seconds.
  path: Assets/Animations/mixamo.com.anim
  artifactKey: Guid(08d8b846a2f86824e853501bf9accdee) Importer(815301076,1909f56bfc062723c751e8b465ee728b)
Start importing Assets/Animations/mixamo.com.anim using Guid(08d8b846a2f86824e853501bf9accdee) Importer(815301076,1909f56bfc062723c751e8b465ee728b)  -> (artifact id: '51ebfdb5d598fb058457028e439869bb') in 0.021493 seconds 
========================================================================
Received Import Request.
  Time since last request: 9.712124 seconds.
  path: Assets/MarioAnimations.controller
  artifactKey: Guid(5ae1dac0f7da2e04898339ae49a184eb) Importer(815301076,1909f56bfc062723c751e8b465ee728b)
Start importing Assets/MarioAnimations.controller using Guid(5ae1dac0f7da2e04898339ae49a184eb) Importer(815301076,1909f56bfc062723c751e8b465ee728b)  -> (artifact id: '1ac81645837f65236c2dca423f7bf852') in 0.026000 seconds 
========================================================================
Received Import Request.
  Time since last request: 191.104516 seconds.
  path: Assets/Animations/Fast Run.fbx
  artifactKey: Guid(e68bf4337dd37484687756d9ae98ad74) Importer(815301076,1909f56bfc062723c751e8b465ee728b)
Start importing Assets/Animations/Fast Run.fbx using Guid(e68bf4337dd37484687756d9ae98ad74) Importer(815301076,1909f56bfc062723c751e8b465ee728b)  -> (artifact id: '61de6327a12bd8a5b69780ac69d705e7') in 0.079686 seconds 
========================================================================
Received Import Request.
  Time since last request: 96.052479 seconds.
  path: Assets/Animations/Fast Run.fbx
  artifactKey: Guid(e68bf4337dd37484687756d9ae98ad74) Importer(815301076,1909f56bfc062723c751e8b465ee728b)
Start importing Assets/Animations/Fast Run.fbx using Guid(e68bf4337dd37484687756d9ae98ad74) Importer(815301076,1909f56bfc062723c751e8b465ee728b)  -> (artifact id: '0e601dbb5e3b3de634aba791db8f94f4') in 0.067850 seconds 
========================================================================
Received Import Request.
  Time since last request: 61.294214 seconds.
  path: Assets/RPGHero/Animations
  artifactKey: Guid(9590b9e442926884ea949f217a737480) Importer(815301076,1909f56bfc062723c751e8b465ee728b)
Start importing Assets/RPGHero/Animations using Guid(9590b9e442926884ea949f217a737480) Importer(815301076,1909f56bfc062723c751e8b465ee728b)  -> (artifact id: '4e5d3aa883923de6e04eac11c9e59a98') in 0.006614 seconds 
========================================================================
Received Import Request.
  Time since last request: 4.971233 seconds.
  path: Assets/RPGHero/Animator
  artifactKey: Guid(de6beca22388dd345b9d82d4538be702) Importer(815301076,1909f56bfc062723c751e8b465ee728b)
Start importing Assets/RPGHero/Animator using Guid(de6beca22388dd345b9d82d4538be702) Importer(815301076,1909f56bfc062723c751e8b465ee728b)  -> (artifact id: '4424e642bb040883a7092d8d4cd31453') in 0.078330 seconds 
========================================================================
Received Import Request.
  Time since last request: 4.948340 seconds.
  path: Assets/RPGHero/Scene
  artifactKey: Guid(b193117f064810a4fbc636eb527a41b4) Importer(815301076,1909f56bfc062723c751e8b465ee728b)
Start importing Assets/RPGHero/Scene using Guid(b193117f064810a4fbc636eb527a41b4) Importer(815301076,1909f56bfc062723c751e8b465ee728b)  -> (artifact id: '00955104217b4b4c37252f88ee1dfe06') in 0.013680 seconds 
========================================================================
Received Import Request.
  Time since last request: 2.268216 seconds.
  path: Assets/RPGHero/SRP
  artifactKey: Guid(a02bc95b4839d724d8f024f05920509b) Importer(815301076,1909f56bfc062723c751e8b465ee728b)
Start importing Assets/RPGHero/SRP using Guid(a02bc95b4839d724d8f024f05920509b) Importer(815301076,1909f56bfc062723c751e8b465ee728b)  -> (artifact id: '30a623d5060fcedfe3f3cb28be712de4') in 0.015509 seconds 
========================================================================
Received Import Request.
  Time since last request: 2.910149 seconds.
  path: Assets/RPGHero/SRP/FreeRPGHeroesHD.zip
  artifactKey: Guid(b9840486e533dfc4a976192239e48783) Importer(815301076,1909f56bfc062723c751e8b465ee728b)
Start importing Assets/RPGHero/SRP/FreeRPGHeroesHD.zip using Guid(b9840486e533dfc4a976192239e48783) Importer(815301076,1909f56bfc062723c751e8b465ee728b)  -> (artifact id: '14681676439aa019cc638df0ee9034ee') in 0.016266 seconds 
========================================================================
Received Import Request.
  Time since last request: 3.627503 seconds.
  path: Assets/RPGHero/SRP/FreeRPGHeroesLW.zip
  artifactKey: Guid(08e5378003a93e442af2c2ca9ee9de41) Importer(815301076,1909f56bfc062723c751e8b465ee728b)
Start importing Assets/RPGHero/SRP/FreeRPGHeroesLW.zip using Guid(08e5378003a93e442af2c2ca9ee9de41) Importer(815301076,1909f56bfc062723c751e8b465ee728b)  -> (artifact id: '6ed8c10712eb39b5287d4ad3659861c5') in 0.017182 seconds 
========================================================================
Received Import Request.
  Time since last request: 4.162762 seconds.
  path: Assets/RPGHero/Textures
  artifactKey: Guid(96bfcd2d828054f40aea2e9ca3dcc1dc) Importer(815301076,1909f56bfc062723c751e8b465ee728b)
Start importing Assets/RPGHero/Textures using Guid(96bfcd2d828054f40aea2e9ca3dcc1dc) Importer(815301076,1909f56bfc062723c751e8b465ee728b)  -> (artifact id: '609d154e65f61500c29f9ff36d64d336') in 0.014134 seconds 
========================================================================
Received Import Request.
  Time since last request: 4.203400 seconds.
  path: Assets/RPGHero/Textures/HandPaintedTexture.png
  artifactKey: Guid(56cd14cc867c3f247ad4dab4f1e47413) Importer(815301076,1909f56bfc062723c751e8b465ee728b)
Start importing Assets/RPGHero/Textures/HandPaintedTexture.png using Guid(56cd14cc867c3f247ad4dab4f1e47413) Importer(815301076,1909f56bfc062723c751e8b465ee728b)  -> (artifact id: '9639f3849eb4a7fefff441652bfba61c') in 0.047346 seconds 
========================================================================
Received Import Request.
  Time since last request: 0.000027 seconds.
  path: Assets/RPGHero/Textures/PolyArtTexture.png
  artifactKey: Guid(6c077c7c0e8b52640992a79f449cbdf9) Importer(815301076,1909f56bfc062723c751e8b465ee728b)
Start importing Assets/RPGHero/Textures/PolyArtTexture.png using Guid(6c077c7c0e8b52640992a79f449cbdf9) Importer(815301076,1909f56bfc062723c751e8b465ee728b)  -> (artifact id: '8396af894cdc505b44de183312738dad') in 0.021187 seconds 
========================================================================
Received Import Request.
  Time since last request: 0.000029 seconds.
  path: Assets/RPGHero/Textures/PBR_NM.png
  artifactKey: Guid(d7c79101febab9d40a01bdc71adc4492) Importer(815301076,1909f56bfc062723c751e8b465ee728b)
Start importing Assets/RPGHero/Textures/PBR_NM.png using Guid(d7c79101febab9d40a01bdc71adc4492) Importer(815301076,1909f56bfc062723c751e8b465ee728b)  -> (artifact id: '100f3089c06b3e780900d9fa1e47f8a4') in 0.032761 seconds 
Editor requested this worker to shutdown with reason: Scaling down because of idle timeout
AssetImportWorker is now disconnected from the server
Process exiting
Exiting without the bug reporter. Application will terminate with return code 0